TN:
SF:src/components/Common/Button/Button.tsx
FN:8,(anonymous_0)
FNF:1
FNH:1
FNDA:2,(anonymous_0)
DA:2,1
DA:8,1
DA:9,2
DA:16,1
LF:4
LH:4
BRDA:8,0,0,0
BRF:1
BRH:0
end_of_record
TN:
SF:src/components/Common/FormInput/FormInput.tsx
FN:12,(anonymous_0)
FNF:1
FNH:1
FNDA:2,(anonymous_0)
DA:12,1
DA:19,2
DA:32,1
LF:3
LH:3
BRDA:17,0,0,2
BRDA:23,1,0,2
BRDA:23,1,1,0
BRF:3
BRH:2
end_of_record
TN:
SF:src/components/Common/FormSelect/FormSelect.tsx
FN:13,(anonymous_0)
FN:27,(anonymous_1)
FNF:2
FNH:2
FNDA:2,(anonymous_0)
FNDA:8,(anonymous_1)
DA:13,1
DA:20,2
DA:28,8
DA:42,1
LF:4
LH:4
BRDA:33,0,0,2
BRDA:33,0,1,0
BRF:2
BRH:1
end_of_record
TN:
SF:src/components/TaxForm/TaxForm.tsx
FN:18,(anonymous_1)
FNF:1
FNH:1
FNDA:2,(anonymous_1)
DA:2,1
DA:3,1
DA:4,1
DA:5,1
DA:6,1
DA:7,1
DA:8,1
DA:9,1
DA:18,1
DA:23,2
DA:27,2
DA:50,1
LF:12
LH:12
BRF:0
BRH:0
end_of_record
TN:
SF:src/schemas/TaxFormSchema.ts
FNF:0
FNH:0
DA:1,1
DA:2,1
DA:13,1
LF:3
LH:3
BRF:0
BRH:0
end_of_record
TN:
SF:src/utils/FormUtils.ts
FN:3,(anonymous_0)
FNF:1
FNH:1
FNDA:5,(anonymous_0)
DA:3,2
DA:7,5
DA:8,1
DA:10,4
DA:11,1
DA:14,3
DA:16,3
DA:17,12
DA:19,3
LF:9
LH:9
BRDA:7,0,0,1
BRDA:10,1,0,1
BRF:2
BRH:2
end_of_record
TN:
SF:src/utils/NumberUtils.ts
FN:1,(anonymous_0)
FNF:1
FNH:1
FNDA:25,(anonymous_0)
DA:1,1
DA:2,25
DA:3,0
DA:5,25
LF:4
LH:3
BRDA:2,0,0,0
BRF:1
BRH:0
end_of_record
TN:
SF:src/utils/TaxUtils.ts
FN:5,(anonymous_0)
FN:17,(anonymous_1)
FN:48,(anonymous_2)
FN:52,(anonymous_3)
FN:59,(anonymous_4)
FNF:5
FNH:5
FNDA:1,(anonymous_0)
FNDA:5,(anonymous_1)
FNDA:5,(anonymous_2)
FNDA:5,(anonymous_3)
FNDA:5,(anonymous_4)
DA:2,1
DA:3,1
DA:5,1
DA:10,1
DA:17,1
DA:18,5
DA:20,5
DA:22,5
DA:23,5
DA:24,5
DA:26,5
DA:29,5
DA:31,5
DA:36,0
DA:37,0
DA:45,1
DA:48,1
DA:49,5
DA:52,1
DA:53,5
DA:54,1
DA:56,4
DA:59,1
DA:66,5
DA:67,5
DA:68,5
DA:70,5
LF:27
LH:25
BRDA:22,0,0,5
BRDA:22,0,1,0
BRDA:36,1,0,0
BRDA:49,2,0,4
BRDA:49,2,1,1
BRDA:53,3,0,1
BRF:6
BRH:4
end_of_record
